<?xml version="1.0" encoding="UTF-8"?>
<!-- Generated by org.testng.reporters.JUnitReportReporter -->
<testsuite skipped="0" hostname="LAPTOP-U499ULHF" name="com.comcast.createProduct.CreateProduct" tests="2" failures="0" timestamp="2021-03-11T15:59:21 IST" time="0.015" errors="0">
  <testcase name="createContact" time="0.013" classname="com.comcast.createProduct.CreateProduct"/>
  <system-out/>
  <testcase name="createContactwithMobile" time="0.002" classname="com.comcast.createProduct.CreateProduct"/>
  <system-out/>
</testsuite> <!-- com.comcast.createProduct.CreateProduct -->
